<?xml version="1.0" encoding="UTF-8"?>
<testsuite xmlns:xsi="http://www.w3.org/2001/XMLSchema-instance" xsi:noNamespaceSchemaLocation="https://maven.apache.org/surefire/maven-surefire-plugin/xsd/surefire-test-report.xsd" name="MyTest" time="0.021" tests="28" errors="0" skipped="0" failures="0">
  <properties>
    <property name="gopherProxySet" value="false"/>
    <property name="awt.toolkit" value="sun.lwawt.macosx.LWCToolkit"/>
    <property name="java.specification.version" value="11"/>
    <property name="sun.cpu.isalist" value=""/>
    <property name="sun.jnu.encoding" value="UTF-8"/>
    <property name="java.class.path" value="/Users/nilufarlakada/Desktop/cs342/Project2/target/test-classes:/Users/nilufarlakada/Desktop/cs342/Project2/target/classes:/Users/nilufarlakada/.m2/repository/org/junit/jupiter/junit-jupiter/5.9.1/junit-jupiter-5.9.1.jar:/Users/nilufarlakada/.m2/repository/org/junit/jupiter/junit-jupiter-api/5.9.1/junit-jupiter-api-5.9.1.jar:/Users/nilufarlakada/.m2/repository/org/opentest4j/opentest4j/1.2.0/opentest4j-1.2.0.jar:/Users/nilufarlakada/.m2/repository/org/junit/platform/junit-platform-commons/1.9.1/junit-platform-commons-1.9.1.jar:/Users/nilufarlakada/.m2/repository/org/apiguardian/apiguardian-api/1.1.2/apiguardian-api-1.1.2.jar:/Users/nilufarlakada/.m2/repository/org/junit/jupiter/junit-jupiter-params/5.9.1/junit-jupiter-params-5.9.1.jar:/Users/nilufarlakada/.m2/repository/org/junit/jupiter/junit-jupiter-engine/5.9.1/junit-jupiter-engine-5.9.1.jar:/Users/nilufarlakada/.m2/repository/org/junit/platform/junit-platform-engine/1.9.1/junit-platform-engine-1.9.1.jar:/Users/nilufarlakada/.m2/repository/org/openjfx/javafx-controls/19.0.2.1/javafx-controls-19.0.2.1.jar:/Users/nilufarlakada/.m2/repository/org/openjfx/javafx-controls/19.0.2.1/javafx-controls-19.0.2.1-mac-aarch64.jar:/Users/nilufarlakada/.m2/repository/org/openjfx/javafx-graphics/19.0.2.1/javafx-graphics-19.0.2.1.jar:/Users/nilufarlakada/.m2/repository/org/openjfx/javafx-graphics/19.0.2.1/javafx-graphics-19.0.2.1-mac-aarch64.jar:/Users/nilufarlakada/.m2/repository/org/openjfx/javafx-base/19.0.2.1/javafx-base-19.0.2.1.jar:/Users/nilufarlakada/.m2/repository/org/openjfx/javafx-base/19.0.2.1/javafx-base-19.0.2.1-mac-aarch64.jar:/Users/nilufarlakada/.m2/repository/org/openjfx/javafx-fxml/19.0.2.1/javafx-fxml-19.0.2.1.jar:/Users/nilufarlakada/.m2/repository/org/openjfx/javafx-fxml/19.0.2.1/javafx-fxml-19.0.2.1-mac-aarch64.jar:"/>
    <property name="java.vm.vendor" value="Oracle Corporation"/>
    <property name="sun.arch.data.model" value="64"/>
    <property name="java.vendor.url" value="https://openjdk.java.net/"/>
    <property name="user.timezone" value=""/>
    <property name="java.vm.specification.version" value="11"/>
    <property name="os.name" value="Mac OS X"/>
    <property name="sun.java.launcher" value="SUN_STANDARD"/>
    <property name="user.country" value="US"/>
    <property name="sun.boot.library.path" value="/Library/Java/JavaVirtualMachines/jdk-11.jdk/Contents/Home/lib"/>
    <property name="sun.java.command" value="/Users/nilufarlakada/Desktop/cs342/Project2/target/surefire/surefirebooter7809529398756730574.jar /Users/nilufarlakada/Desktop/cs342/Project2/target/surefire 2023-10-29T23-48-31_415-jvmRun1 surefire14374438282386013613tmp surefire_011172783318687349918tmp"/>
    <property name="http.nonProxyHosts" value="local|*.local|169.254/16|*.169.254/16"/>
    <property name="jdk.debug" value="release"/>
    <property name="surefire.test.class.path" value="/Users/nilufarlakada/Desktop/cs342/Project2/target/test-classes:/Users/nilufarlakada/Desktop/cs342/Project2/target/classes:/Users/nilufarlakada/.m2/repository/org/junit/jupiter/junit-jupiter/5.9.1/junit-jupiter-5.9.1.jar:/Users/nilufarlakada/.m2/repository/org/junit/jupiter/junit-jupiter-api/5.9.1/junit-jupiter-api-5.9.1.jar:/Users/nilufarlakada/.m2/repository/org/opentest4j/opentest4j/1.2.0/opentest4j-1.2.0.jar:/Users/nilufarlakada/.m2/repository/org/junit/platform/junit-platform-commons/1.9.1/junit-platform-commons-1.9.1.jar:/Users/nilufarlakada/.m2/repository/org/apiguardian/apiguardian-api/1.1.2/apiguardian-api-1.1.2.jar:/Users/nilufarlakada/.m2/repository/org/junit/jupiter/junit-jupiter-params/5.9.1/junit-jupiter-params-5.9.1.jar:/Users/nilufarlakada/.m2/repository/org/junit/jupiter/junit-jupiter-engine/5.9.1/junit-jupiter-engine-5.9.1.jar:/Users/nilufarlakada/.m2/repository/org/junit/platform/junit-platform-engine/1.9.1/junit-platform-engine-1.9.1.jar:/Users/nilufarlakada/.m2/repository/org/openjfx/javafx-controls/19.0.2.1/javafx-controls-19.0.2.1.jar:/Users/nilufarlakada/.m2/repository/org/openjfx/javafx-controls/19.0.2.1/javafx-controls-19.0.2.1-mac-aarch64.jar:/Users/nilufarlakada/.m2/repository/org/openjfx/javafx-graphics/19.0.2.1/javafx-graphics-19.0.2.1.jar:/Users/nilufarlakada/.m2/repository/org/openjfx/javafx-graphics/19.0.2.1/javafx-graphics-19.0.2.1-mac-aarch64.jar:/Users/nilufarlakada/.m2/repository/org/openjfx/javafx-base/19.0.2.1/javafx-base-19.0.2.1.jar:/Users/nilufarlakada/.m2/repository/org/openjfx/javafx-base/19.0.2.1/javafx-base-19.0.2.1-mac-aarch64.jar:/Users/nilufarlakada/.m2/repository/org/openjfx/javafx-fxml/19.0.2.1/javafx-fxml-19.0.2.1.jar:/Users/nilufarlakada/.m2/repository/org/openjfx/javafx-fxml/19.0.2.1/javafx-fxml-19.0.2.1-mac-aarch64.jar:"/>
    <property name="sun.cpu.endian" value="little"/>
    <property name="user.home" value="/Users/nilufarlakada"/>
    <property name="user.language" value="en"/>
    <property name="java.specification.vendor" value="Oracle Corporation"/>
    <property name="java.version.date" value="2023-07-18"/>
    <property name="java.home" value="/Library/Java/JavaVirtualMachines/jdk-11.jdk/Contents/Home"/>
    <property name="file.separator" value="/"/>
    <property name="style.color" value="always"/>
    <property name="basedir" value="/Users/nilufarlakada/Desktop/cs342/Project2"/>
    <property name="java.vm.compressedOopsMode" value="Zero based"/>
    <property name="line.separator" value="&#10;"/>
    <property name="java.specification.name" value="Java Platform API Specification"/>
    <property name="java.vm.specification.vendor" value="Oracle Corporation"/>
    <property name="java.awt.graphicsenv" value="sun.awt.CGraphicsEnvironment"/>
    <property name="surefire.real.class.path" value="/Users/nilufarlakada/Desktop/cs342/Project2/target/surefire/surefirebooter7809529398756730574.jar"/>
    <property name="sun.management.compiler" value="HotSpot 64-Bit Tiered Compilers"/>
    <property name="ftp.nonProxyHosts" value="local|*.local|169.254/16|*.169.254/16"/>
    <property name="java.runtime.version" value="11.0.20+9-LTS-256"/>
    <property name="user.name" value="nilufarlakada"/>
    <property name="path.separator" value=":"/>
    <property name="os.version" value="13.3"/>
    <property name="java.runtime.name" value="Java(TM) SE Runtime Environment"/>
    <property name="file.encoding" value="UTF-8"/>
    <property name="java.vm.name" value="Java HotSpot(TM) 64-Bit Server VM"/>
    <property name="java.vendor.version" value="18.9"/>
    <property name="localRepository" value="/Users/nilufarlakada/.m2/repository"/>
    <property name="java.vendor.url.bug" value="https://bugreport.java.com/bugreport/"/>
    <property name="java.io.tmpdir" value="/var/folders/cb/q47hqq950kg_ksv7233jtnrh0000gn/T/"/>
    <property name="java.version" value="11.0.20"/>
    <property name="user.dir" value="/Users/nilufarlakada/Desktop/cs342/Project2"/>
    <property name="os.arch" value="aarch64"/>
    <property name="java.vm.specification.name" value="Java Virtual Machine Specification"/>
    <property name="java.awt.printerjob" value="sun.lwawt.macosx.CPrinterJob"/>
    <property name="sun.os.patch.level" value="unknown"/>
    <property name="java.library.path" value="/Users/nilufarlakada/Library/Java/Extensions:/Library/Java/Extensions:/Network/Library/Java/Extensions:/System/Library/Java/Extensions:/usr/lib/java:."/>
    <property name="java.vendor" value="Oracle Corporation"/>
    <property name="java.vm.info" value="mixed mode"/>
    <property name="java.vm.version" value="11.0.20+9-LTS-256"/>
    <property name="java.specification.maintenance.version" value="2"/>
    <property name="sun.io.unicode.encoding" value="UnicodeBig"/>
    <property name="java.class.version" value="55.0"/>
    <property name="socksNonProxyHosts" value="local|*.local|169.254/16|*.169.254/16"/>
  </properties>
  <testcase name="BaccaratDealerConstructor01" classname="MyTest" time="0.008"/>
  <testcase name="WhoWon01" classname="MyTest" time="0"/>
  <testcase name="WhoWon02" classname="MyTest" time="0.001"/>
  <testcase name="DealHand01" classname="MyTest" time="0"/>
  <testcase name="DealHand02" classname="MyTest" time="0.001"/>
  <testcase name="CardConstructor01" classname="MyTest" time="0"/>
  <testcase name="CardConstructor02" classname="MyTest" time="0"/>
  <testcase name="EvaluateBankerDraw01" classname="MyTest" time="0.001"/>
  <testcase name="EvaluateBankerDraw02" classname="MyTest" time="0"/>
  <testcase name="GetValue01" classname="MyTest" time="0"/>
  <testcase name="GetValue02" classname="MyTest" time="0.001"/>
  <testcase name="HandTotal01" classname="MyTest" time="0"/>
  <testcase name="HandTotal02" classname="MyTest" time="0"/>
  <testcase name="HandTotal03" classname="MyTest" time="0"/>
  <testcase name="ShuffleDeck01" classname="MyTest" time="0"/>
  <testcase name="ShuffleDeck02" classname="MyTest" time="0.001"/>
  <testcase name="GenerateDeck01" classname="MyTest" time="0"/>
  <testcase name="GenerateDeck02" classname="MyTest" time="0"/>
  <testcase name="EvaluatePlayerDraw01" classname="MyTest" time="0"/>
  <testcase name="EvaluatePlayerDraw02" classname="MyTest" time="0"/>
  <testcase name="DeckSize01" classname="MyTest" time="0"/>
  <testcase name="DeckSize02" classname="MyTest" time="0"/>
  <testcase name="GetSuite01" classname="MyTest" time="0"/>
  <testcase name="GetSuite02" classname="MyTest" time="0"/>
  <testcase name="EvaluateWinnings01" classname="MyTest" time="0"/>
  <testcase name="EvaluateWinnings02" classname="MyTest" time="0"/>
  <testcase name="DrawOne01" classname="MyTest" time="0"/>
  <testcase name="DrawOne02" classname="MyTest" time="0"/>
</testsuite>